2024-09-28 21:51:48 [info] : Initializing Swagger...
2024-09-28 21:51:48 [info] : Server running on port 8000
2024-09-28 21:51:48 [info] : Database Connected!
2024-09-28 21:52:43 [info] : User registered successfully
2024-09-28 21:52:43 [info] : POST /api/v1/auth/register - 201 [116 ms]
2024-09-28 21:52:51 [error] : POST /api/v1/auth/login - 401 [7 ms]
2024-09-28 21:52:55 [info] : Login successful
2024-09-28 21:52:55 [info] : POST /api/v1/auth/login - 200 [111 ms]
2024-09-28 21:53:34 [info] : File uploaded successfully
2024-09-28 21:53:34 [info] : POST /api/v1/files/upload - 200 [22 ms]
2024-09-28 21:53:37 [info] : Initializing Swagger...
2024-09-28 21:53:37 [info] : Server running on port 8000
2024-09-28 21:53:37 [info] : Database Connected!
2024-09-28 21:53:42 [info] : File uploaded successfully
2024-09-28 21:53:42 [info] : POST /api/v1/files/upload - 200 [27 ms]
2024-09-28 21:53:43 [info] : Initializing Swagger...
2024-09-28 21:53:44 [info] : Server running on port 8000
2024-09-28 21:53:44 [info] : Database Connected!
2024-09-28 21:53:52 [error] : Unauthorized: Invalid token or token not provided
2024-09-28 21:53:52 [error] : GET /api/v1/files/ - 401 [5 ms]
2024-09-28 21:54:09 [info] : Files fetched successfully
2024-09-28 21:54:09 [info] : GET /api/v1/files/ - 200 [13 ms]
2024-09-28 21:54:28 [error] : Unauthorized: Invalid token or token not provided
2024-09-28 21:54:28 [error] : GET /api/v1/files/259c93b6-6cdd-4e75-9cac-2aa61cad56fc - 401 [4 ms]
2024-09-28 21:54:42 [info] : File fetched successfully
2024-09-28 21:54:42 [info] : GET /api/v1/files/259c93b6-6cdd-4e75-9cac-2aa61cad56fc - 200 [5 ms]
2024-09-28 22:00:13 [info] : File description updated
2024-09-28 22:00:13 [info] : PUT /api/v1/files/259c93b6-6cdd-4e75-9cac-2aa61cad56fc - 200 [20 ms]
2024-09-28 22:00:41 [info] : Duplicates by file ID retrieved successfully
2024-09-28 22:00:41 [info] : GET /api/v1/files/259c93b6-6cdd-4e75-9cac-2aa61cad56fc/duplicates - 200 [10 ms]
2024-09-28 22:01:09 [info] : File uploaded successfully
2024-09-28 22:01:09 [info] : POST /api/v1/files/upload - 200 [26 ms]
2024-09-28 22:01:11 [info] : Initializing Swagger...
2024-09-28 22:01:12 [info] : Server running on port 8000
2024-09-28 22:01:12 [info] : Database Connected!
2024-09-28 22:01:15 [info] : Files fetched successfully
2024-09-28 22:01:15 [info] : GET /api/v1/files/ - 200 [17 ms]
2024-09-28 22:01:22 [info] : Duplicates by file ID retrieved successfully
2024-09-28 22:01:22 [info] : GET /api/v1/files/259c93b6-6cdd-4e75-9cac-2aa61cad56fc/duplicates - 200 [5 ms]
2024-09-28 22:03:44 [error] : Unauthorized: Invalid token or token not provided
2024-09-28 22:03:44 [error] : GET /api/v1/files/search - 401 [6 ms]
2024-09-28 22:03:58 [error] : Error: File not found
    at /Users/chanchal/Workspace/airtribe/cloud-storage/src/services/file.service.ts:111:20
    at Generator.next (<anonymous>)
    at fulfilled (/Users/chanchal/Workspace/airtribe/cloud-storage/src/services/file.service.ts:5:58)
2024-09-28 22:03:58 [error] : GET /api/v1/files/search - 500 [14 ms]
2024-09-28 22:04:20 [error] : Error: File not found
    at /Users/chanchal/Workspace/airtribe/cloud-storage/src/services/file.service.ts:111:20
    at Generator.next (<anonymous>)
    at fulfilled (/Users/chanchal/Workspace/airtribe/cloud-storage/src/services/file.service.ts:5:58)
2024-09-28 22:04:20 [error] : GET /api/v1/files/search?description=json - 500 [6 ms]
2024-09-28 22:05:52 [info] : GET /api-docs/swagger-ui.css - 304 [4 ms]
2024-09-28 22:05:52 [info] : GET /api-docs/swagger-ui-standalone-preset.js - 304 [1 ms]
2024-09-28 22:05:52 [info] : GET /api-docs/swagger-ui-init.js - 304 [1 ms]
2024-09-28 22:05:52 [info] : GET /api-docs/swagger-ui-bundle.js - 200 [24 ms]
2024-09-28 22:05:52 [info] : GET /api-docs/favicon-32x32.png - 304 [2 ms]
